<?xml version="1.0" encoding="UTF-8"?>
<!-- Generated by org.testng.reporters.JUnitReportReporter -->
<testsuite hostname="LAPTOP-JHDRCF6E" failures="0" tests="1" name="Testcases.LoginTestcases" time="83.669" errors="0" timestamp="2021-04-12T13:21:31 IST" skipped="0">
  <testcase classname="Testcases.LoginTestcases" name="Function" time="83.669"/>
  <system-out/>
</testsuite> <!-- Testcases.LoginTestcases -->
