<?xml version="1.0" encoding="UTF-8"?>
<!-- Generated by org.testng.reporters.JUnitReportReporter -->
<testsuite hostname="LAPTOP-JHDRCF6E" failures="0" tests="1" name="Testcases.LoginTestcases" time="95.853" errors="0" timestamp="2021-05-08T11:21:40 IST" skipped="0">
  <testcase classname="Testcases.LoginTestcases" name="Function" time="95.853"/>
  <system-out/>
</testsuite> <!-- Testcases.LoginTestcases -->
